<?xml version="1.0" encoding="UTF-8"?>
<!-- Generated by org.testng.reporters.JUnitXMLReporter -->
<testsuite hostname="DESKTOP-9S87ER3" ignored="0" tests="10" failures="0" timestamp="22 Jun 2021 18:25:59 GMT" time="8.621" errors="0">
  <testcase name="getProductsTest" time="2.237" classname="ProductTest"/>
  <testcase name="getProductsResponseTest" time="0.595" classname="ProductTest"/>
  <testcase name="postProductsTest" time="0.463" classname="ProductTest"/>
  <testcase name="postProductsTestWithResponseForDifferentDataSets" time="0.348" classname="ProductTest"/>
  <testcase name="postProductsTestWithResponseForDifferentDataSets" time="0.209" classname="ProductTest"/>
  <testcase name="postProductsTestWithResponseForDifferentDataSets" time="0.07" classname="ProductTest"/>
  <testcase name="postProductsTestWithResponseForDifferentDataSets" time="0.058" classname="ProductTest"/>
  <testcase name="postProductsTestWithResponse" time="1.735" classname="ProductTest"/>
  <testcase name="getProductsTestById" time="1.332" classname="ProductTest"/>
  <testcase name="deleteProductsTestById" time="0.637" classname="ProductTest"/>
</testsuite>
