<?xml version="1.0" encoding="UTF-8" ?>
<testsuite tests="10" failures="0" name="TestSuite" time="7.732" errors="0" skipped="0">
  <properties>
[...]
</properties>
  <testcase classname="ProductTest" name="getProductsTest" time="3.006"/>
  <testcase classname="ProductTest" name="getProductsResponseTest" time="0.067"/>
  <testcase classname="ProductTest" name="postProductsTest" time="0.245"/>
  <testcase classname="ProductTest" name="postProductsTestWithResponseForDifferentDataSets" time="0.36"/>
  <testcase classname="ProductTest" name="postProductsTestWithResponseForDifferentDataSets" time="0.223"/>
  <testcase classname="ProductTest" name="postProductsTestWithResponseForDifferentDataSets" time="0.088"/>
  <testcase classname="ProductTest" name="postProductsTestWithResponseForDifferentDataSets" time="0.086"/>
  <testcase classname="ProductTest" name="postProductsTestWithResponse" time="1.7"/>
  <testcase classname="ProductTest" name="getProductsTestById" time="1.385"/>
  <testcase classname="ProductTest" name="deleteProductsTestById" time="0.572"/>
</testsuite>